Using pre-set license
Built from '2020.3/staging' branch; Version is '2020.3.10f1 (297d780c91bc) revision 2719096'; Using compiler version '192528614'; Build Type 'Release'
OS: 'Windows 10 Home; OS build 19042.1052; Version 2009; 64bit' Language: 'zh' Physical Memory: 24410 MB
BatchMode: 1, IsHumanControllingUs: 0, StartBugReporterOnCrash: 0, Is64bit: 1, IsPro: 0

 COMMAND LINE ARGUMENTS:
C:\Program Files\Unity\Hub\Editor\2020.3.10f1\Editor\Unity.exe
-adb2
-batchMode
-noUpm
-name
AssetImportWorker0
-projectPath
C:/Users/kevin/Desktop/PY/ICG/Postprocessing
-logFile
Logs/AssetImportWorker0.log
-srvPort
63432
Successfully changed project path to: C:/Users/kevin/Desktop/PY/ICG/Postprocessing
C:/Users/kevin/Desktop/PY/ICG/Postprocessing
Using Asset Import Pipeline V2.
Refreshing native plugins compatible for Editor in 74.49 ms, found 2 plugins.
Preloading 0 native plugins for Editor in 0.00 ms.
Initialize engine version: 2020.3.10f1 (297d780c91bc)
[Subsystems] Discovering subsystems at path C:/Program Files/Unity/Hub/Editor/2020.3.10f1/Editor/Data/Resources/UnitySubsystems
[Subsystems] Discovering subsystems at path C:/Users/kevin/Desktop/PY/ICG/Postprocessing/Assets
GfxDevice: creating device client; threaded=0
Direct3D:
    Version:  Direct3D 11.0 [level 11.1]
    Renderer: NVIDIA GeForce RTX 2060 (ID=0x1f55)
    Vendor:   
    VRAM:     5980 MB
    Driver:   27.21.14.6172
Initialize mono
Mono path[0] = 'C:/Program Files/Unity/Hub/Editor/2020.3.10f1/Editor/Data/Managed'
Mono path[1] = 'C:/Program Files/Unity/Hub/Editor/2020.3.10f1/Editor/Data/MonoBleedingEdge/lib/mono/unityjit'
Mono config path = 'C:/Program Files/Unity/Hub/Editor/2020.3.10f1/Editor/Data/MonoBleedingEdge/etc'
Using monoOptions --debugger-agent=transport=dt_socket,embedding=1,server=y,suspend=n,address=127.0.0.1:56788
Begin MonoManager ReloadAssembly
Registering precompiled unity dll's ...
Register platform support module: C:/Program Files/Unity/Hub/Editor/2020.3.10f1/Editor/Data/PlaybackEngines/WindowsStandaloneSupport/UnityEditor.WindowsStandalone.Extensions.dll
Registered in 0.002849 seconds.
Native extension for WindowsStandalone target not found
Refreshing native plugins compatible for Editor in 54.32 ms, found 2 plugins.
Preloading 0 native plugins for Editor in 0.00 ms.
Mono: successfully reloaded assembly
- Completed reload, in  1.742 seconds
Platform modules already initialized, skipping
Registering precompiled user dll's ...
Registered in 0.007157 seconds.
Begin MonoManager ReloadAssembly
Native extension for WindowsStandalone target not found
Refreshing native plugins compatible for Editor in 0.69 ms, found 2 plugins.
Preloading 0 native plugins for Editor in 0.00 ms.
Mono: successfully reloaded assembly
- Completed reload, in  1.844 seconds
Platform modules already initialized, skipping
========================================================================
Worker process is ready to serve import requests
Launched and connected shader compiler UnityShaderCompiler.exe after 0.09 seconds
Refreshing native plugins compatible for Editor in 0.56 ms, found 2 plugins.
Preloading 0 native plugins for Editor in 0.00 ms.
Unloading 1536 Unused Serialized files (Serialized files now loaded: 0)
System memory in use before: 88.1 MB.
System memory in use after: 88.1 MB.

Unloading 19 unused Assets to reduce memory usage. Loaded Objects now: 1993.
Total: 2.692500 ms (FindLiveObjects: 0.208500 ms CreateObjectMapping: 0.073400 ms MarkObjects: 2.259500 ms  DeleteObjects: 0.149300 ms)

========================================================================
Received Import Request.
  path: Assets/PostProcessing.asset
  artifactKey: Guid(8a05bb1f120a50147bdf5ea9ee2a7ab6) Importer(815301076,1909f56bfc062723c751e8b465ee728b)
Start importing Assets/PostProcessing.asset using Guid(8a05bb1f120a50147bdf5ea9ee2a7ab6) Importer(815301076,1909f56bfc062723c751e8b465ee728b)  -> (artifact id: '96ac90b5e1d9a98f67ecfdb2e343894c') in 0.085865 seconds
  Import took 0.090310 seconds .

========================================================================
Received Import Request.
  Time since last request: 10928.940536 seconds.
  path: Assets/Shader/ChineseInkPostEffect.shader
  artifactKey: Guid(5debcba08b9c22343bae52e50bf32b62) Importer(815301076,1909f56bfc062723c751e8b465ee728b)
Start importing Assets/Shader/ChineseInkPostEffect.shader using Guid(5debcba08b9c22343bae52e50bf32b62) Importer(815301076,1909f56bfc062723c751e8b465ee728b)  -> (artifact id: '56af630763f44af4e27675867d2a9091') in 0.032110 seconds
  Import took 0.079228 seconds .

========================================================================
Received Prepare
Registering precompiled user dll's ...
Registered in 0.007736 seconds.
Begin MonoManager ReloadAssembly
Native extension for WindowsStandalone target not found
Refreshing native plugins compatible for Editor in 0.96 ms, found 2 plugins.
Preloading 0 native plugins for Editor in 0.00 ms.
Mono: successfully reloaded assembly
- Completed reload, in  1.477 seconds
Platform modules already initialized, skipping
Refreshing native plugins compatible for Editor in 0.50 ms, found 2 plugins.
Preloading 0 native plugins for Editor in 0.00 ms.
Unloading 1491 Unused Serialized files (Serialized files now loaded: 0)
System memory in use before: 84.1 MB.
System memory in use after: 84.2 MB.

Unloading 14 unused Assets to reduce memory usage. Loaded Objects now: 1996.
Total: 2.729900 ms (FindLiveObjects: 0.223900 ms CreateObjectMapping: 0.084200 ms MarkObjects: 2.281300 ms  DeleteObjects: 0.139000 ms)

========================================================================
Received Prepare
Registering precompiled user dll's ...
Registered in 0.004409 seconds.
Begin MonoManager ReloadAssembly
Native extension for WindowsStandalone target not found
Refreshing native plugins compatible for Editor in 0.52 ms, found 2 plugins.
Preloading 0 native plugins for Editor in 0.00 ms.
Mono: successfully reloaded assembly
- Completed reload, in  1.310 seconds
Platform modules already initialized, skipping
Refreshing native plugins compatible for Editor in 0.57 ms, found 2 plugins.
Preloading 0 native plugins for Editor in 0.00 ms.
Unloading 1491 Unused Serialized files (Serialized files now loaded: 0)
System memory in use before: 84.1 MB.
System memory in use after: 84.2 MB.

Unloading 14 unused Assets to reduce memory usage. Loaded Objects now: 1999.
Total: 2.140000 ms (FindLiveObjects: 0.181600 ms CreateObjectMapping: 0.059000 ms MarkObjects: 1.803900 ms  DeleteObjects: 0.094300 ms)

========================================================================
Received Prepare
Registering precompiled user dll's ...
Registered in 0.006569 seconds.
Begin MonoManager ReloadAssembly
Native extension for WindowsStandalone target not found
Refreshing native plugins compatible for Editor in 0.64 ms, found 2 plugins.
Preloading 0 native plugins for Editor in 0.00 ms.
Mono: successfully reloaded assembly
- Completed reload, in  1.490 seconds
Platform modules already initialized, skipping
Refreshing native plugins compatible for Editor in 0.86 ms, found 2 plugins.
Preloading 0 native plugins for Editor in 0.00 ms.
Unloading 1491 Unused Serialized files (Serialized files now loaded: 0)
System memory in use before: 84.1 MB.
System memory in use after: 84.2 MB.

Unloading 14 unused Assets to reduce memory usage. Loaded Objects now: 2002.
Total: 2.378000 ms (FindLiveObjects: 0.196800 ms CreateObjectMapping: 0.065600 ms MarkObjects: 1.995600 ms  DeleteObjects: 0.118800 ms)

========================================================================
Received Prepare
Registering precompiled user dll's ...
Registered in 0.003735 seconds.
Begin MonoManager ReloadAssembly
Native extension for WindowsStandalone target not found
Refreshing native plugins compatible for Editor in 1.04 ms, found 2 plugins.
Preloading 0 native plugins for Editor in 0.00 ms.
Mono: successfully reloaded assembly
- Completed reload, in  1.215 seconds
Platform modules already initialized, skipping
Refreshing native plugins compatible for Editor in 0.43 ms, found 2 plugins.
Preloading 0 native plugins for Editor in 0.00 ms.
Unloading 1491 Unused Serialized files (Serialized files now loaded: 0)
System memory in use before: 84.1 MB.
System memory in use after: 84.2 MB.

Unloading 14 unused Assets to reduce memory usage. Loaded Objects now: 2005.
Total: 3.228500 ms (FindLiveObjects: 0.238500 ms CreateObjectMapping: 0.135500 ms MarkObjects: 2.755400 ms  DeleteObjects: 0.097500 ms)

========================================================================
Received Prepare
Registering precompiled user dll's ...
Registered in 0.003037 seconds.
Begin MonoManager ReloadAssembly
Native extension for WindowsStandalone target not found
Refreshing native plugins compatible for Editor in 0.38 ms, found 2 plugins.
Preloading 0 native plugins for Editor in 0.00 ms.
Mono: successfully reloaded assembly
- Completed reload, in  0.912 seconds
Platform modules already initialized, skipping
Refreshing native plugins compatible for Editor in 0.40 ms, found 2 plugins.
Preloading 0 native plugins for Editor in 0.00 ms.
Unloading 1491 Unused Serialized files (Serialized files now loaded: 0)
System memory in use before: 84.1 MB.
System memory in use after: 84.2 MB.

Unloading 14 unused Assets to reduce memory usage. Loaded Objects now: 2008.
Total: 1.670800 ms (FindLiveObjects: 0.148400 ms CreateObjectMapping: 0.041600 ms MarkObjects: 1.413400 ms  DeleteObjects: 0.066700 ms)

========================================================================
Received Prepare
Registering precompiled user dll's ...
Registered in 0.006617 seconds.
Begin MonoManager ReloadAssembly
Native extension for WindowsStandalone target not found
Refreshing native plugins compatible for Editor in 0.79 ms, found 2 plugins.
Preloading 0 native plugins for Editor in 0.00 ms.
Mono: successfully reloaded assembly
- Completed reload, in  1.880 seconds
Platform modules already initialized, skipping
Refreshing native plugins compatible for Editor in 0.53 ms, found 2 plugins.
Preloading 0 native plugins for Editor in 0.00 ms.
Unloading 1491 Unused Serialized files (Serialized files now loaded: 0)
System memory in use before: 84.2 MB.
System memory in use after: 84.2 MB.

Unloading 14 unused Assets to reduce memory usage. Loaded Objects now: 2011.
Total: 4.685100 ms (FindLiveObjects: 0.356900 ms CreateObjectMapping: 0.162200 ms MarkObjects: 4.000300 ms  DeleteObjects: 0.163800 ms)

========================================================================
Received Prepare
Registering precompiled user dll's ...
Registered in 0.004289 seconds.
Begin MonoManager ReloadAssembly
Native extension for WindowsStandalone target not found
Refreshing native plugins compatible for Editor in 0.54 ms, found 2 plugins.
Preloading 0 native plugins for Editor in 0.00 ms.
Mono: successfully reloaded assembly
- Completed reload, in  1.663 seconds
Platform modules already initialized, skipping
Refreshing native plugins compatible for Editor in 0.47 ms, found 2 plugins.
Preloading 0 native plugins for Editor in 0.00 ms.
Unloading 1491 Unused Serialized files (Serialized files now loaded: 0)
System memory in use before: 84.2 MB.
System memory in use after: 84.2 MB.

Unloading 14 unused Assets to reduce memory usage. Loaded Objects now: 2014.
Total: 3.672900 ms (FindLiveObjects: 0.256200 ms CreateObjectMapping: 0.087700 ms MarkObjects: 3.218200 ms  DeleteObjects: 0.108500 ms)

========================================================================
Received Prepare
Registering precompiled user dll's ...
Registered in 0.008081 seconds.
Begin MonoManager ReloadAssembly
Native extension for WindowsStandalone target not found
Refreshing native plugins compatible for Editor in 0.46 ms, found 2 plugins.
Preloading 0 native plugins for Editor in 0.00 ms.
Mono: successfully reloaded assembly
- Completed reload, in  1.349 seconds
Platform modules already initialized, skipping
Refreshing native plugins compatible for Editor in 0.43 ms, found 2 plugins.
Preloading 0 native plugins for Editor in 0.00 ms.
Unloading 1491 Unused Serialized files (Serialized files now loaded: 0)
System memory in use before: 84.2 MB.
System memory in use after: 84.2 MB.

Unloading 14 unused Assets to reduce memory usage. Loaded Objects now: 2017.
Total: 2.151700 ms (FindLiveObjects: 0.186800 ms CreateObjectMapping: 0.055200 ms MarkObjects: 1.809000 ms  DeleteObjects: 0.099600 ms)

========================================================================
Received Prepare
Registering precompiled user dll's ...
Registered in 0.003232 seconds.
Begin MonoManager ReloadAssembly
Native extension for WindowsStandalone target not found
Refreshing native plugins compatible for Editor in 0.42 ms, found 2 plugins.
Preloading 0 native plugins for Editor in 0.00 ms.
Mono: successfully reloaded assembly
- Completed reload, in  1.149 seconds
Platform modules already initialized, skipping
Refreshing native plugins compatible for Editor in 0.42 ms, found 2 plugins.
Preloading 0 native plugins for Editor in 0.00 ms.
Unloading 1491 Unused Serialized files (Serialized files now loaded: 0)
System memory in use before: 84.2 MB.
System memory in use after: 84.2 MB.

Unloading 14 unused Assets to reduce memory usage. Loaded Objects now: 2020.
Total: 2.276700 ms (FindLiveObjects: 0.205200 ms CreateObjectMapping: 0.060700 ms MarkObjects: 1.882400 ms  DeleteObjects: 0.127500 ms)

========================================================================
Received Prepare
Registering precompiled user dll's ...
Registered in 0.004385 seconds.
Begin MonoManager ReloadAssembly
Native extension for WindowsStandalone target not found
Refreshing native plugins compatible for Editor in 0.75 ms, found 2 plugins.
Preloading 0 native plugins for Editor in 0.00 ms.
Mono: successfully reloaded assembly
- Completed reload, in  1.362 seconds
Platform modules already initialized, skipping
Refreshing native plugins compatible for Editor in 0.75 ms, found 2 plugins.
Preloading 0 native plugins for Editor in 0.00 ms.
Unloading 1491 Unused Serialized files (Serialized files now loaded: 0)
System memory in use before: 84.2 MB.
System memory in use after: 84.3 MB.

Unloading 14 unused Assets to reduce memory usage. Loaded Objects now: 2023.
Total: 3.252900 ms (FindLiveObjects: 0.304200 ms CreateObjectMapping: 0.089400 ms MarkObjects: 2.751300 ms  DeleteObjects: 0.106200 ms)

AssetImportWorkerClient::OnTransportError - code=2 error=End of file
